<?xml version="1.0" encoding="UTF-8"?>
<coverage generated="1570675194918" clover="3.2.0">
  <project timestamp="1570675194918" name="All files">
    <metrics statements="23" coveredstatements="17" conditionals="2" coveredconditionals="2" methods="3" coveredmethods="2" elements="28" coveredelements="21" complexity="0" loc="23" ncloc="23" packages="4" files="6" classes="6">
      <package name="src">
        <metrics statements="6" coveredstatements="0" conditionals="0" coveredconditionals="0" methods="1" coveredmethods="0"/>
        <file name="App.vue" path="/Users/tianxiaobo/code/learn/learn-test/jest-vue/src/App.vue">
          <metrics statements="1" coveredstatements="0" conditionals="0" coveredconditionals="0" methods="0" coveredmethods="0"/>
          <line num="8" count="0" type="stmt"/>
        </file>
        <file name="main.js" path="/Users/tianxiaobo/code/learn/learn-test/jest-vue/src/main.js">
          <metrics statements="5" coveredstatements="0" conditionals="0" coveredconditionals="0" methods="1" coveredmethods="0"/>
          <line num="1" count="0" type="stmt"/>
          <line num="2" count="0" type="stmt"/>
          <line num="4" count="0" type="stmt"/>
          <line num="6" count="0" type="stmt"/>
          <line num="7" count="0" type="stmt"/>
        </file>
      </package>
      <package name="src.pages.TodoList">
        <metrics statements="8" coveredstatements="8" conditionals="0" coveredconditionals="0" methods="1" coveredmethods="1"/>
        <file name="TodoList.vue" path="/Users/tianxiaobo/code/learn/learn-test/jest-vue/src/pages/TodoList/TodoList.vue">
          <metrics statements="8" coveredstatements="8" conditionals="0" coveredconditionals="0" methods="1" coveredmethods="1"/>
          <line num="14" count="1" type="stmt"/>
          <line num="15" count="1" type="stmt"/>
          <line num="23" count="7" type="stmt"/>
          <line num="29" count="1" type="stmt"/>
          <line num="35" count="1" type="stmt"/>
          <line num="38" count="1" type="stmt"/>
          <line num="41" count="4" type="stmt"/>
          <line num="44" count="1" type="stmt"/>
        </file>
      </package>
      <package name="src.pages.TodoList.components">
        <metrics statements="8" coveredstatements="8" conditionals="2" coveredconditionals="2" methods="0" coveredmethods="0"/>
        <file name="Header.vue" path="/Users/tianxiaobo/code/learn/learn-test/jest-vue/src/pages/TodoList/components/Header.vue">
          <metrics statements="4" coveredstatements="4" conditionals="2" coveredconditionals="2" methods="0" coveredmethods="0"/>
          <line num="19" count="6" type="stmt"/>
          <line num="25" count="2" type="cond" truecount="2" falsecount="0"/>
          <line num="26" count="1" type="stmt"/>
          <line num="27" count="1" type="stmt"/>
        </file>
        <file name="UndoList.vue" path="/Users/tianxiaobo/code/learn/learn-test/jest-vue/src/pages/TodoList/components/UndoList.vue">
          <metrics statements="4" coveredstatements="4" conditionals="0" coveredconditionals="0" methods="0" coveredmethods="0"/>
          <line num="44" count="1" type="stmt"/>
          <line num="47" count="2" type="stmt"/>
          <line num="50" count="1" type="stmt"/>
          <line num="53" count="1" type="stmt"/>
        </file>
      </package>
      <package name="src.utils">
        <metrics statements="1" coveredstatements="1" conditionals="0" coveredconditionals="0" methods="1" coveredmethods="1"/>
        <file name="testUtils.js" path="/Users/tianxiaobo/code/learn/learn-test/jest-vue/src/utils/testUtils.js">
          <metrics statements="1" coveredstatements="1" conditionals="0" coveredconditionals="0" methods="1" coveredmethods="1"/>
          <line num="1" count="14" type="stmt"/>
        </file>
      </package>
    </metrics>
  </project>
</coverage>
