{"/Users/tianxiaobo/code/learn/learn-test/jest-vue/src/App.vue": {"path":"/Users/tianxiaobo/code/learn/learn-test/jest-vue/src/App.vue","statementMap":{"0":{"start":{"line":8,"column":0},"end":{"line":null,"column":-1}}},"fnMap":{},"branchMap":{},"s":{"0":0},"f":{},"b":{}}
,"/Users/tianxiaobo/code/learn/learn-test/jest-vue/src/main.js": {"path":"/Users/tianxiaobo/code/learn/learn-test/jest-vue/src/main.js","statementMap":{"0":{"start":{"line":1,"column":0},"end":{"line":null,"column":-1}},"1":{"start":{"line":2,"column":0},"end":{"line":null,"column":-1}},"2":{"start":{"line":4,"column":0},"end":{"line":null,"column":-1}},"3":{"start":{"line":6,"column":0},"end":{"line":null,"column":-1}},"4":{"start":{"line":7,"column":15},"end":{"line":7,"column":16}}},"fnMap":{"0":{"name":"(anonymous_0)","decl":{"start":{"line":7,"column":10},"end":{"line":7,"column":11}},"loc":{"start":{"line":7,"column":15},"end":{"line":7,"column":16}}}},"branchMap":{},"s":{"0":0,"1":0,"2":0,"3":0,"4":0},"f":{"0":0},"b":{}}
,"/Users/tianxiaobo/code/learn/learn-test/jest-vue/src/pages/TodoList/TodoList.vue": {"path":"/Users/tianxiaobo/code/learn/learn-test/jest-vue/src/pages/TodoList/TodoList.vue","statementMap":{"0":{"start":{"line":14,"column":0},"end":{"line":null,"column":-1}},"1":{"start":{"line":15,"column":0},"end":{"line":null,"column":-1}},"2":{"start":{"line":23,"column":0},"end":{"line":null,"column":-1}},"3":{"start":{"line":29,"column":0},"end":{"line":null,"column":-1}},"4":{"start":{"line":35,"column":0},"end":{"line":null,"column":-1}},"5":{"start":{"line":38,"column":0},"end":{"line":null,"column":-1}},"6":{"start":{"line":41,"column":0},"end":{"line":null,"column":-1}},"7":{"start":{"line":44,"column":0},"end":{"line":null,"column":-1}}},"fnMap":{"0":{"name":"(anonymous_1)","decl":{"start":{"line":41,"column":0},"end":{"line":null,"column":-1}},"loc":{"start":{"line":41,"column":0},"end":{"line":null,"column":-1}}}},"branchMap":{},"s":{"0":1,"1":1,"2":7,"3":1,"4":1,"5":1,"6":4,"7":1},"f":{"0":3},"b":{}}
,"/Users/tianxiaobo/code/learn/learn-test/jest-vue/src/pages/TodoList/components/Header.vue": {"path":"/Users/tianxiaobo/code/learn/learn-test/jest-vue/src/pages/TodoList/components/Header.vue","statementMap":{"0":{"start":{"line":19,"column":0},"end":{"line":null,"column":-1}},"1":{"start":{"line":25,"column":0},"end":{"line":28,"column":0}},"2":{"start":{"line":26,"column":0},"end":{"line":null,"column":-1}},"3":{"start":{"line":27,"column":0},"end":{"line":null,"column":-1}}},"fnMap":{},"branchMap":{"0":{"loc":{"start":{"line":25,"column":0},"end":{"line":28,"column":0}},"type":"if","locations":[{"start":{"line":25,"column":0},"end":{"line":28,"column":0}},{"start":{"line":25,"column":0},"end":{"line":28,"column":0}}]}},"s":{"0":6,"1":2,"2":1,"3":1},"f":{},"b":{"0":[1,1]}}
,"/Users/tianxiaobo/code/learn/learn-test/jest-vue/src/pages/TodoList/components/UndoList.vue": {"path":"/Users/tianxiaobo/code/learn/learn-test/jest-vue/src/pages/TodoList/components/UndoList.vue","statementMap":{"0":{"start":{"line":44,"column":0},"end":{"line":null,"column":-1}},"1":{"start":{"line":47,"column":0},"end":{"line":null,"column":-1}},"2":{"start":{"line":50,"column":0},"end":{"line":null,"column":-1}},"3":{"start":{"line":53,"column":0},"end":{"line":null,"column":-1}}},"fnMap":{},"branchMap":{},"s":{"0":1,"1":2,"2":1,"3":1},"f":{},"b":{}}
,"/Users/tianxiaobo/code/learn/learn-test/jest-vue/src/utils/testUtils.js": {"path":"/Users/tianxiaobo/code/learn/learn-test/jest-vue/src/utils/testUtils.js","statementMap":{"0":{"start":{"line":1,"column":31},"end":{"line":1,"column":88}},"1":{"start":{"line":1,"column":49},"end":{"line":1,"column":88}}},"fnMap":{"0":{"name":"(anonymous_0)","decl":{"start":{"line":1,"column":31},"end":{"line":1,"column":32}},"loc":{"start":{"line":1,"column":49},"end":{"line":1,"column":88}},"line":1}},"branchMap":{},"s":{"0":2,"1":14},"f":{"0":14},"b":{},"_coverageSchema":"332fd63041d2c1bcb487cc26dd0d5f7d97098a6c","hash":"2d0bea212a9b8fb6e623bc7ceb72beb01521a240"}
}
