TN:
SF:/Users/tianxiaobo/code/learn/learn-test/jest-vue/src/App.vue
FNF:0
FNH:0
DA:8,0
LF:1
LH:0
BRF:0
BRH:0
end_of_record
TN:
SF:/Users/tianxiaobo/code/learn/learn-test/jest-vue/src/main.js
FN:7,(anonymous_0)
FNF:1
FNH:0
FNDA:0,(anonymous_0)
DA:1,0
DA:2,0
DA:4,0
DA:6,0
DA:7,0
LF:5
LH:0
BRF:0
BRH:0
end_of_record
TN:
SF:/Users/tianxiaobo/code/learn/learn-test/jest-vue/src/pages/TodoList/TodoList.vue
FN:41,(anonymous_1)
FNF:1
FNH:1
FNDA:3,(anonymous_1)
DA:14,1
DA:15,1
DA:23,7
DA:29,1
DA:35,1
DA:38,1
DA:41,4
DA:44,1
LF:8
LH:8
BRF:0
BRH:0
end_of_record
TN:
SF:/Users/tianxiaobo/code/learn/learn-test/jest-vue/src/pages/TodoList/components/Header.vue
FNF:0
FNH:0
DA:19,6
DA:25,2
DA:26,1
DA:27,1
LF:4
LH:4
BRDA:25,0,0,1
BRDA:25,0,1,1
BRF:2
BRH:2
end_of_record
TN:
SF:/Users/tianxiaobo/code/learn/learn-test/jest-vue/src/pages/TodoList/components/UndoList.vue
FNF:0
FNH:0
DA:44,1
DA:47,2
DA:50,1
DA:53,1
LF:4
LH:4
BRF:0
BRH:0
end_of_record
TN:
SF:/Users/tianxiaobo/code/learn/learn-test/jest-vue/src/utils/testUtils.js
FN:1,(anonymous_0)
FNF:1
FNH:1
FNDA:14,(anonymous_0)
DA:1,14
LF:1
LH:1
BRF:0
BRH:0
end_of_record
